<?xml version="1.0" encoding="UTF-8"?>
<coverage generated="1726581323301" clover="3.2.0">
  <project timestamp="1726581323301" name="All files">
    <metrics statements="2" coveredstatements="2" conditionals="5" coveredconditionals="3" methods="1" coveredmethods="1" elements="8" coveredelements="6" complexity="0" loc="2" ncloc="2" packages="1" files="1" classes="1"/>
    <file name="verticalDotsIcon.tsx" path="/Users/fpopaya/Desktop/stack-back-office/src/components/icons/verticalDotsIcon.tsx">
      <metrics statements="2" coveredstatements="2" conditionals="5" coveredconditionals="3" methods="1" coveredmethods="1"/>
      <line num="8" count="1" type="stmt"/>
      <line num="14" count="5" type="stmt"/>
    </file>
  </project>
</coverage>
